INFO:timeloop:Starting Timeloop..
INFO:timeloop:Registered job <function check_images at 0x7fa2ef648f70>
INFO:timeloop:Timeloop now started. Jobs will run based on the interval set
INFO:root:5.jpg
INFO:root:flatmy-office.jpg
INFO:root:flatmy-buy.jpg
INFO:root:flatmy-home.jpg
INFO:root:flatmy-newBuildings.jpg
INFO:root:изображение_2021-04-12_213628.png
INFO:root:изображение_2021-04-16_110502.png
INFO:root:f63e6f9621d84f4fc9d2a181fc2fe7e9.jpg
INFO:root:3427463.jpg
INFO:root:card-1.jpg
INFO:root:card-2.jpg
INFO:root:card-3.jpg
INFO:root:flatmy-buy.jpg
INFO:root:flatmy-office.jpg
INFO:root:24.jpg
INFO:root:flatmy-home.jpg
INFO:root:Screen Shot 2021-03-08 at 08.58.10.png
INFO:root:01.jpg
INFO:root:card-1.jpg
INFO:root:card-1.jpg
INFO:root:screencapture-localhost-8010-agency-2021-03-23-17_43_07.png
INFO:root:96e313c355714f8448a0be4e12676afc--central-asia-park-in.jpg
INFO:root:dd_gost_05.jpg
INFO:root:Kak-razdelit-kvartiru-studiyu-na-poleznye-zony_.jpg
INFO:root:EPl7NL9W4AIrB9z.jpg
INFO:root:large_125d6844-8ed7-4b11-a99f-49a57523063b.jpg
INFO:root:2_bez.jpg
INFO:root:Rectangle 224.png
INFO:root:Rectangle 222.png
INFO:root:9D6219E9-923A-46AE-B200-83CCA6EA0DD1.jpeg
INFO:root:96D69531-34FD-4348-9ED5-CCCC62336409.jpeg
INFO:root:images.jpg
INFO:root:mk2.png
INFO:root:7587a6bb393d15969b803762658e8426.jpg
INFO:root:3427463.jpg
INFO:root:a38f96eabab89479a59ee14b11cb1f5c--decoration-bedroom-room-decor.jpg
INFO:root:f63e6f9621d84f4fc9d2a181fc2fe7e9.jpg
INFO:root:7587a6bb393d15969b803762658e8426.jpg
INFO:root:f63e6f9621d84f4fc9d2a181fc2fe7e9.jpg
INFO:root:detskaja-komnata-zonirovanie.jpg
INFO:root:a38f96eabab89479a59ee14b11cb1f5c--decoration-bedroom-room-decor.jpg
INFO:root:2_bez.jpg
INFO:root:grand-yeti_06.jpg
INFO:root:EPl7NL9W4AIrB9z.jpg
INFO:root:2-11.jpg
INFO:root:Rectangle 224.png
INFO:root:Rectangle 209.png
INFO:root:Rectangle 223.png
INFO:root:Rectangle 222.png
INFO:root:Rectangle 223.png
INFO:root:Rectangle 222.png
INFO:root:Rectangle 223.png
INFO:root:Rectangle 222.png
INFO:root:Rectangle 223.png
INFO:root:Rectangle 223.png
INFO:root:screencapture-dmsportal-ru-profile-1-2021-03-06-13_14_01.png
INFO:root:Rectangle 222.png
INFO:root:Rectangle 224.png
INFO:root:Rectangle 223.png
INFO:root:Rectangle 224.png
INFO:root:Rectangle 223.png
INFO:root:Rectangle 223.png
INFO:root:Rectangle 222.png
INFO:root:Rectangle 222.png
INFO:root:Rectangle 223.png
INFO:root:Rectangle 223.png
INFO:root:Rectangle 222.png
INFO:root:OurClientSlide-1.png
INFO:root:Rectangle 223.png
INFO:root:Rectangle 222.png
INFO:root:OurClientSlide-1.png
INFO:root:Rectangle 222 (1).png
INFO:root:2-11.jpg
INFO:root:2_bez.jpg
INFO:root:grand-yeti_06.jpg
INFO:root:EPl7NL9W4AIrB9z.jpg
INFO:root:dFE-G9M8EG4.jpg
INFO:root:f3a07162-7ebc-4968-8c0c-ee17d05f9509.jpg
INFO:root:1f41c010-4d74-4436-998e-3665695c4f8a.jpg
INFO:root:8fd30943-b7cc-4a39-9ceb-18ac6fa31e63.jpg
INFO:root:tajikistan-map-1.jpg
INFO:root:-MWA_nFoYHU.jpg
INFO:root:hhGH6KqOwo8.jpg
INFO:root:XZ8x9q2xiJQ.jpg
INFO:root:9d0f339f-fee0-43e5-b1d0-ca5dcfce83ee.jpg
INFO:root:f3a07162-7ebc-4968-8c0c-ee17d05f9509.jpg
INFO:root:e5e71671-0a1f-4639-8e38-318b9593fd3d.jpg
INFO:root:f3a07162-7ebc-4968-8c0c-ee17d05f9509.jpg
INFO:root:1f41c010-4d74-4436-998e-3665695c4f8a.jpg
INFO:root:8fd30943-b7cc-4a39-9ceb-18ac6fa31e63.jpg
INFO:root:abc-editor_img-7536.jpg
INFO:root:gold-royal-luxury-boutique-r-letter-logo-gold-royal-luxury-boutique-r-letter-logo-template-classy-retro-shield-shape-gold-127787858.jpg
INFO:root:abc-editor_img-7536.jpg
INFO:root:99e4e22cfd2bba66b5e340161a.jpg
INFO:root:hotel-or-apartment-rental.jpg
INFO:root:None__8a0332596a225cfaadc6dabc5344f157.jpg
INFO:root:studiya63.jpg
INFO:root:Снимок.PNG
INFO:root:Снимок.PNG
INFO:root:1028712882.jpg
INFO:root:9d0f339f-fee0-43e5-b1d0-ca5dcfce83ee.jpg
INFO:root:Снимок экрана 2021-04-14 123304.png
INFO:root:hhGH6KqOwo8.jpg
INFO:root:-MWA_nFoYHU.jpg
INFO:root:XZ8x9q2xiJQ.jpg
INFO:root:e5e71671-0a1f-4639-8e38-318b9593fd3d.jpg
INFO:root:a38f96eabab89479a59ee14b11cb1f5c--decoration-bedroom-room-decor.jpg
INFO:root:a38f96eabab89479a59ee14b11cb1f5c--decoration-bedroom-room-decor.jpg
INFO:root:Tajikistan_location_map.svg.png
INFO:root:tajikistan-map-1.jpg
INFO:root:e5e71671-0a1f-4639-8e38-318b9593fd3d.jpg
INFO:root:9d0f339f-fee0-43e5-b1d0-ca5dcfce83ee.jpg
INFO:root:e5e71671-0a1f-4639-8e38-318b9593fd3d.jpg
INFO:root:e5e71671-0a1f-4639-8e38-318b9593fd3d.jpg
INFO:root:e5e71671-0a1f-4639-8e38-318b9593fd3d.jpg
INFO:root:e5e71671-0a1f-4639-8e38-318b9593fd3d.jpg
INFO:root:111.png
INFO:root:9d0f339f-fee0-43e5-b1d0-ca5dcfce83ee.jpg
INFO:root:dd98a0aa-f946-43e7-a738-0acf87f7da54.jpg
INFO:root:e5e71671-0a1f-4639-8e38-318b9593fd3d.jpg
INFO:root:f3a07162-7ebc-4968-8c0c-ee17d05f9509.jpg
INFO:root:Tajikistan_location_map.svg.png
INFO:root:tajikistan-map-1.jpg
INFO:root:gold-royal-luxury-boutique-r-letter-logo-gold-royal-luxury-boutique-r-letter-logo-template-classy-retro-shield-shape-gold-127787858.jpg
INFO:root:initial-r-letter-luxury-beauty-flourishes-ornament-golden-monogram-logo_6689-76.jpg
INFO:root:tajikistan-map-1.jpg
INFO:root:logo.jpg
INFO:root:Tajikistan_location_map.svg.png
INFO:root:c39844a8939ae34658ae6f6cb311dc72.jpg
INFO:root:initial-r-letter-luxury-beauty-flourishes-ornament-golden-monogram-logo_6689-76.jpg
INFO:root:abc-editor_img-7536.jpg
INFO:root:1028712882.jpg
INFO:root:tajikistan-map-1.jpg
INFO:root:c39844a8939ae34658ae6f6cb311dc72.jpg
INFO:timeloop:Starting Timeloop..
INFO:timeloop:Registered job <function check_images at 0x7f4e23861ee0>
INFO:timeloop:Timeloop now started. Jobs will run based on the interval set
INFO:timeloop:Starting Timeloop..
INFO:timeloop:Registered job <function check_images at 0x7f8ab0f4fee0>
INFO:timeloop:Timeloop now started. Jobs will run based on the interval set
INFO:timeloop:Starting Timeloop..
INFO:timeloop:Registered job <function check_images at 0x7f12be975ee0>
INFO:timeloop:Timeloop now started. Jobs will run based on the interval set
INFO:root:7587a6bb393d15969b803762658e8426.jpg
INFO:root:JQjqHLayieHcqwvsrDh9FQ2_iedKvYs.jfif
INFO:root:3427463.jpg
INFO:root:KpRwGrayhn1GrQRwKD5yiZe5hnvQu4Q.jfif
INFO:root:1584614578_24-p-dizain-ofisov-43.jpg
INFO:root:cgf33_8043b.jpg
INFO:root:ktt7ybbqsmwnrvt06yrg.jpg
INFO:root:w2000.jpg
INFO:timeloop:Starting Timeloop..
INFO:timeloop:Registered job <function check_images at 0x7fba521f6ee0>
INFO:timeloop:Timeloop now started. Jobs will run based on the interval set
INFO:timeloop:Starting Timeloop..
INFO:timeloop:Registered job <function check_images at 0x7f92a7ac2ee0>
INFO:timeloop:Timeloop now started. Jobs will run based on the interval set
INFO:root:depositphotos_25171803-stock-photo-empty-interior-with-wall-bookcase.jpg
INFO:timeloop:Starting Timeloop..
INFO:timeloop:Registered job <function check_images at 0x7fd4e7673ee0>
INFO:timeloop:Timeloop now started. Jobs will run based on the interval set
INFO:root:1582051023_44-p-krasivie-intereri-kvartir-105.jpg
INFO:root:1617616185_34-p-gostinaya-s-panoramnimi-oknami-36.jpg
INFO:root:a94b1c44c2acf7f6526371dccdc2343f.jpg
INFO:timeloop:Starting Timeloop..
INFO:timeloop:Registered job <function check_images at 0x7f547f141f70>
INFO:timeloop:Timeloop now started. Jobs will run based on the interval set
INFO:root:maidon-home.jpg
